Arguments: 
  /usr/local/bin/node /usr/local/Cellar/yarn/1.5.1_1/libexec/bin/yarn.js seed

PATH: 
  /Users/kevin/Library/Android/sdk/tools/bin:/Users/kevin/Library/Android/sdk/tools:/Users/kevin/Library/Android/sdk/platform-tools:/usr/local/bin:/usr/bin:/bin:/usr/sbin:/sbin

Yarn version: 
  1.5.1

Node version: 
  8.9.4

Platform: 
  darwin x64

npm manifest: 
  {
    "name": "api-template",
    "version": "1.0.0",
    "description": "",
    "main": "index.js",
    "scripts": {
      "delete": "node server/utils/remove.js",
      "start": "node index.js",
      "dev": "NODE_ENV=development nodemon index.js",
      "seed": "node server/utils/seed.js",
      "college": "node server/utils/college/seed.js",
      "test": "NODE_ENV=test mocha --recursive **/**.spec.js",
      "testCover": "NODE_ENV=test nyc --reporter=html --reporter=text mocha --recursive **/**.spec.js"
    },
    "author": "LeReacteur",
    "license": "ISC",
    "dependencies": {
      "agenda": "^1.0.3",
      "body-parser": "^1.18.2",
      "chalk": "^2.4.1",
      "cloudinary": "^1.11.0",
      "compression": "^1.7.1",
      "connect-multiparty": "^2.1.0",
      "cors": "^2.8.4",
      "dotenv": "^5.0.0",
      "eslint": "^4.18.2",
      "express": "^4.16.3",
      "faker": "^4.1.0",
      "helmet": "^3.11.0",
      "mailgun-js": "^0.18.0",
      "mongoose": "^5.0.6",
      "mongoose-simple-random": "^0.4.1",
      "morgan": "^1.9.0",
      "multer": "^1.3.0",
      "passport": "^0.4.0",
      "passport-facebook-token": "^3.3.0",
      "passport-google-token": "^0.1.2",
      "passport-http-bearer": "^1.0.1",
      "passport-local": "^1.0.0",
      "passport-local-mongoose": "^4.5.0",
      "uid2": "0.0.3",
      "uniqid": "^5.0.3"
    },
    "devDependencies": {
      "chai": "^4.1.2",
      "chai-http": "^4.0.0",
      "eslint-config-standard": "^11.0.0",
      "eslint-plugin-import": "^2.9.0",
      "eslint-plugin-node": "^6.0.1",
      "eslint-plugin-promise": "^3.6.0",
      "eslint-plugin-standard": "^3.0.1",
      "mocha": "^5.0.1",
      "nodemon": "^1.15.0",
      "nyc": "^13.0.0"
    }
  }

yarn manifest: 
  No manifest

Lockfile: 
  No lockfile

Trace: 
  Error: Command failed.
  Exit code: 1
  Command: sh
  Arguments: -c node server/utils/seed.js
  Directory: /Users/kevin/Documents/VVMT/vvmt-api
  Output:
  
      at ProcessTermError.MessageError (/usr/local/Cellar/yarn/1.5.1_1/libexec/lib/cli.js:186:110)
      at new ProcessTermError (/usr/local/Cellar/yarn/1.5.1_1/libexec/lib/cli.js:226:113)
      at ChildProcess.<anonymous> (/usr/local/Cellar/yarn/1.5.1_1/libexec/lib/cli.js:30281:17)
      at emitTwo (events.js:126:13)
      at ChildProcess.emit (events.js:214:7)
      at maybeClose (internal/child_process.js:925:16)
      at Process.ChildProcess._handle.onexit (internal/child_process.js:209:5)
